<?xml version="1.0" encoding="UTF-8"?>
<!-- Generated by org.testng.reporters.JUnitReportReporter -->
<testsuite skipped="0" hostname="Daya-PC" name="basicCelenium.FirstSeleniumClass" tests="2" failures="0" timestamp="4 Sep 2019 03:26:58 GMT" time="61.607" errors="0">
  <testcase name="login" time="22.518" classname="basicCelenium.FirstSeleniumClass"/>
  <testcase name="login" time="39.089" classname="basicCelenium.FirstSeleniumClass"/>
</testsuite> <!-- basicCelenium.FirstSeleniumClass -->
