<?xml version="1.0" encoding="UTF-8"?>
<!-- Generated by org.testng.reporters.JUnitReportReporter -->
<testsuite skipped="0" hostname="Daya-PC" name="basicSelenium.Testclass3" tests="1" failures="0" timestamp="30 Aug 2019 15:37:42 GMT" time="11.298" errors="0">
  <testcase name="test1" time="11.298" classname="basicSelenium.Testclass3"/>
</testsuite> <!-- basicSelenium.Testclass3 -->
