<?xml version="1.0" encoding="UTF-8"?>
<!-- Generated by org.testng.reporters.JUnitReportReporter -->
<testsuite skipped="0" hostname="Daya-PC" name="basicSelenium.TestClass2" tests="1" failures="0" timestamp="2 Sep 2019 15:18:26 GMT" time="78.539" errors="0">
  <testcase name="bookAFlight" time="78.539" classname="basicSelenium.TestClass2"/>
</testsuite> <!-- basicSelenium.TestClass2 -->
