<?xml version="1.0" encoding="UTF-8"?>
<!-- Generated by org.testng.reporters.JUnitReportReporter -->
<testsuite skipped="0" hostname="Daya-PC" name="basicSelenium.FirstSeleniumClass" tests="1" failures="0" timestamp="30 Aug 2019 13:43:50 GMT" time="47.640" errors="0">
  <testcase name="login" time="47.640" classname="basicSelenium.FirstSeleniumClass"/>
</testsuite> <!-- basicSelenium.FirstSeleniumClass -->
