<?xml version="1.0" encoding="UTF-8"?>
<!-- Generated by org.testng.reporters.JUnitReportReporter -->
<testsuite skipped="0" hostname="Daya-PC" name="basicSelenium.Flipkart1" tests="1" failures="0" timestamp="4 Sep 2019 16:02:48 GMT" time="11.945" errors="0">
  <testcase name="test" time="11.945" classname="basicSelenium.Flipkart1"/>
</testsuite> <!-- basicSelenium.Flipkart1 -->
