<?xml version="1.0" encoding="UTF-8"?>
<!-- Generated by org.testng.reporters.JUnitReportReporter -->
<testsuite skipped="0" hostname="Daya-PC" name="testNG.TestNGClass1" tests="1" failures="0" timestamp="26 Aug 2019 02:41:58 GMT" time="0.013" errors="0">
  <testcase name="maintsheet" time="0.013" classname="testNG.TestNGClass1"/>
</testsuite> <!-- testNG.TestNGClass1 -->
